<?xml version="1.0" encoding="UTF-8"?>
<robot generator="Robot 4.1.3 (Python 3.8.6 on win32)" generated="20220217 17:01:09.333" rpa="false" schemaversion="2">
<suite id="s1" name="Google" source="C:\Users\hugod\PycharmProjects\RobotFWTutorial\Tests\Google.robot">
<test id="s1-t1" name="Test Setup">
<kw name="Begin Web Test" library="CommonWeb">
<kw name="Open Browser" library="SeleniumLibrary">
<arg>${URL}</arg>
<arg>${BROWSER}</arg>
<doc>Opens a new browser instance to the optional ``url``.</doc>
<msg timestamp="20220217 17:01:09.787" level="INFO">Opening browser 'chrome' to base url 'http://www.google.com/'.</msg>
<status status="PASS" starttime="20220217 17:01:09.787" endtime="20220217 17:01:15.189"/>
</kw>
<kw name="Maximize Browser Window" library="SeleniumLibrary">
<doc>Maximizes current browser window.</doc>
<status status="PASS" starttime="20220217 17:01:15.189" endtime="20220217 17:01:15.388"/>
</kw>
<status status="PASS" starttime="20220217 17:01:09.787" endtime="20220217 17:01:15.388"/>
</kw>
<status status="PASS" starttime="20220217 17:01:09.787" endtime="20220217 17:01:15.388"/>
</test>
<test id="s1-t2" name="Should be able to go to the home page">
<kw name="Validate the home page" library="HomeApp">
<kw name="Check page title" library="Home">
<kw name="Element Should Contain" library="SeleniumLibrary">
<arg>${HOMEPAGE_TITLE}</arg>
<arg>${HOMEPAGE_TITLEG}</arg>
<doc>Verifies that element ``locator`` contains text ``expected``.</doc>
<msg timestamp="20220217 17:01:15.469" level="INFO">Element 'xpath=//*[@id="gb"]/div/div[1]/div/div[1]/a' contains text 'Gmail'.</msg>
<status status="PASS" starttime="20220217 17:01:15.388" endtime="20220217 17:01:15.469"/>
</kw>
<status status="PASS" starttime="20220217 17:01:15.388" endtime="20220217 17:01:15.470"/>
</kw>
<status status="PASS" starttime="20220217 17:01:15.388" endtime="20220217 17:01:15.470"/>
</kw>
<doc>This test will check if the home google</doc>
<tag>HomePage</tag>
<status status="PASS" starttime="20220217 17:01:15.388" endtime="20220217 17:01:15.471"/>
</test>
<test id="s1-t3" name="Test Teardown">
<kw name="End Web Test" library="CommonWeb">
<kw name="Close All Browsers" library="SeleniumLibrary">
<doc>Closes all open browsers and resets the browser cache.</doc>
<status status="PASS" starttime="20220217 17:01:15.478" endtime="20220217 17:01:17.943"/>
</kw>
<status status="PASS" starttime="20220217 17:01:15.477" endtime="20220217 17:01:17.943"/>
</kw>
<status status="PASS" starttime="20220217 17:01:15.476" endtime="20220217 17:01:17.943"/>
</test>
<doc>Test if the user can browser</doc>
<status status="PASS" starttime="20220217 17:01:09.333" endtime="20220217 17:01:17.943"/>
</suite>
<statistics>
<total>
<stat pass="3" fail="0" skip="0">All Tests</stat>
</total>
<tag>
<stat pass="1" fail="0" skip="0">HomePage</stat>
</tag>
<suite>
<stat pass="3" fail="0" skip="0" id="s1" name="Google">Google</stat>
</suite>
</statistics>
<errors>
</errors>
</robot>
