<?xml version="1.0" encoding="UTF-8"?>
<robot generator="Robot 4.1.3 (Python 3.8.6 on win32)" generated="20220217 15:42:30.496" rpa="false" schemaversion="2">
<suite id="s1" name="GoogleSearch" source="C:\Users\hugod\PycharmProjects\RobotFWTutorial\Tests\Google\FunctionalTestSuite\GoogleSearch.robot">
<test id="s1-t1" name="This is sample test case">
<kw name="Open Browser" library="SeleniumLibrary">
<arg>http://www.google.com</arg>
<arg>chrome</arg>
<doc>Opens a new browser instance to the optional ``url``.</doc>
<msg timestamp="20220217 15:42:31.089" level="INFO">Opening browser 'chrome' to base url 'http://www.google.com'.</msg>
<msg timestamp="20220217 15:42:35.753" level="INFO">Cannot capture screenshot because no browser is open.</msg>
<msg timestamp="20220217 15:42:35.764" level="FAIL">SessionNotCreatedException: Message: session not created: Chrome version must be between 71 and 75
  (Driver info: chromedriver=2.46.628402 (536cd7adbad73a3783fdc2cab92ab2ba7ec361e1),platform=Windows NT 10.0.19042 x86_64)
</msg>
<status status="FAIL" starttime="20220217 15:42:31.088" endtime="20220217 15:42:35.764"/>
</kw>
<kw name="Close Browser" library="SeleniumLibrary">
<doc>Closes the current browser.</doc>
<status status="NOT RUN" starttime="20220217 15:42:35.766" endtime="20220217 15:42:35.766"/>
</kw>
<doc>Google test</doc>
<tag>regression</tag>
<status status="FAIL" starttime="20220217 15:42:31.086" endtime="20220217 15:42:35.767">SessionNotCreatedException: Message: session not created: Chrome version must be between 71 and 75
  (Driver info: chromedriver=2.46.628402 (536cd7adbad73a3783fdc2cab92ab2ba7ec361e1),platform=Windows NT 10.0.19042 x86_64)
</status>
</test>
<status status="FAIL" starttime="20220217 15:42:30.501" endtime="20220217 15:42:35.772"/>
</suite>
<statistics>
<total>
<stat pass="0" fail="1" skip="0">All Tests</stat>
</total>
<tag>
<stat pass="0" fail="1" skip="0">regression</stat>
</tag>
<suite>
<stat pass="0" fail="1" skip="0" id="s1" name="GoogleSearch">GoogleSearch</stat>
</suite>
</statistics>
<errors>
</errors>
</robot>
